[START][2026-03-13 18:47:41] LSP logging initiated
[ERROR][2026-03-13 18:47:41] ...p/_transport.lua:36	"rpc"	"clangd"	"stderr"	"I[18:47:41.089] Ubuntu clangd version 18.1.3 (1ubuntu1)\nI[18:47:41.090] Features: linux+grpc\nI[18:47:41.090] PID: 1926\n"
[ERROR][2026-03-13 18:47:41] ...p/_transport.lua:36	"rpc"	"clangd"	"stderr"	"I[18:47:41.090] Working directory: /mnt/d/programming/cracked/qemu\nI[18:47:41.090] argv[0]: clangd\nI[18:47:41.090] argv[1]: --background-index\nI[18:47:41.090] argv[2]: --clang-tidy\nI[18:47:41.090] argv[3]: --header-insertion=iwyu\nI[18:47:41.090] argv[4]: --completion-style=detailed\nI[18:47:41.090] argv[5]: --function-arg-placeholders\nI[18:47:41.090] argv[6]: --fallback-style=llvm\n"
[ERROR][2026-03-13 18:47:41] ...p/_transport.lua:36	"rpc"	"clangd"	"stderr"	"I[18:47:41.090] Starting LSP over stdin/stdout\n"
[ERROR][2026-03-13 18:47:41] ...p/_transport.lua:36	"rpc"	"clangd"	"stderr"	"I[18:47:41.090] <-- initialize(1)\n"
[ERROR][2026-03-13 18:47:41] ...p/_transport.lua:36	"rpc"	"clangd"	"stderr"	"I[18:47:41.108] --> reply:initialize(1) 18 ms\n"
[ERROR][2026-03-13 18:47:41] ...p/_transport.lua:36	"rpc"	"clangd"	"stderr"	"I[18:47:41.109] <-- initialized\nI[18:47:41.109] <-- textDocument/didOpen\n"
[ERROR][2026-03-13 18:47:41] ...p/_transport.lua:36	"rpc"	"clangd"	"stderr"	"I[18:47:41.115] <-- textDocument/semanticTokens/full(2)\n"
[ERROR][2026-03-13 18:47:41] ...p/_transport.lua:36	"rpc"	"clangd"	"stderr"	"I[18:47:41.117] Failed to find compilation database for /mnt/d/programming/cracked/qemu/src/networking/init_nic.c\n"
[ERROR][2026-03-13 18:47:41] ...p/_transport.lua:36	"rpc"	"clangd"	"stderr"	"I[18:47:41.117] ASTWorker building file /mnt/d/programming/cracked/qemu/src/networking/init_nic.c version 0 with command clangd fallback\n[/mnt/d/programming/cracked/qemu/src/networking]\n/usr/bin/clang -resource-dir=/usr/lib/llvm-18/lib/clang/18 -- /mnt/d/programming/cracked/qemu/src/networking/init_nic.c\n"
[ERROR][2026-03-13 18:47:41] ...p/_transport.lua:36	"rpc"	"clangd"	"stderr"	"I[18:47:41.129] Built preamble of size 217100 for file /mnt/d/programming/cracked/qemu/src/networking/init_nic.c version 0 in 0.01 seconds\n"
[ERROR][2026-03-13 18:47:41] ...p/_transport.lua:36	"rpc"	"clangd"	"stderr"	"I[18:47:41.129] Indexing c17 standard library in the context of /mnt/d/programming/cracked/qemu/src/networking/init_nic.c\n"
[ERROR][2026-03-13 18:47:41] ...p/_transport.lua:36	"rpc"	"clangd"	"stderr"	"I[18:47:41.129] --> workspace/semanticTokens/refresh(0)\n"
[ERROR][2026-03-13 18:47:41] ...p/_transport.lua:36	"rpc"	"clangd"	"stderr"	"I[18:47:41.133] <-- $/cancelRequest\n"
[ERROR][2026-03-13 18:47:41] ...p/_transport.lua:36	"rpc"	"clangd"	"stderr"	"I[18:47:41.133] <-- textDocument/semanticTokens/full(3)\n"
[ERROR][2026-03-13 18:47:41] ...p/_transport.lua:36	"rpc"	"clangd"	"stderr"	"I[18:47:41.133] <-- reply(0)\n"
[ERROR][2026-03-13 18:47:41] ...p/_transport.lua:36	"rpc"	"clangd"	"stderr"	"E[18:47:41.144] IncludeCleaner: Failed to get an entry for resolved path : No such file or directory\n"
[ERROR][2026-03-13 18:47:41] ...p/_transport.lua:36	"rpc"	"clangd"	"stderr"	"I[18:47:41.148] --> textDocument/publishDiagnostics\n"
[ERROR][2026-03-13 18:47:41] ...p/_transport.lua:36	"rpc"	"clangd"	"stderr"	"I[18:47:41.148] --> reply:textDocument/semanticTokens/full(2) 33 ms, error: Task was cancelled.\nI[18:47:41.148] --> reply:textDocument/semanticTokens/full(3) 15 ms\n"
[ERROR][2026-03-13 18:47:41] ...p/_transport.lua:36	"rpc"	"clangd"	"stderr"	"I[18:47:41.211] Indexed c17 standard library: 2813 symbols, 32 filtered\n"
[ERROR][2026-03-13 18:47:49] ...p/_transport.lua:36	"rpc"	"clangd"	"stderr"	"I[18:47:49.213] <-- textDocument/codeAction(4)\n"
[ERROR][2026-03-13 18:47:49] ...p/_transport.lua:36	"rpc"	"clangd"	"stderr"	"I[18:47:49.218] --> reply:textDocument/codeAction(4) 4 ms\n"
[ERROR][2026-03-13 18:55:58] ...p/_transport.lua:36	"rpc"	"clangd"	"stderr"	"I[18:55:58.778] <-- shutdown(5)\nI[18:55:58.778] --> reply:shutdown(5) 0 ms\n"
